<!DOCTYPE html PUBLIC "-//W3C//DTD XHTML 1.1//EN" "http://www.w3.org/TR/xhtml11/DTD/xhtml11.dtd">
<html xmlns="http://www.w3.org/1999/xhtml"><head><title>TestNG Report</title><style type="text/css">table {margin-bottom:10px;border-collapse:collapse;empty-cells:show}th,td {border:1px solid #009;padding:.25em .5em}th {vertical-align:bottom}td {vertical-align:top}table a {font-weight:bold}.stripe td {background-color: #E6EBF9}.num {text-align:right}.passedodd td {background-color: #3F3}.passedeven td {background-color: #0A0}.skippedodd td {background-color: #DDD}.skippedeven td {background-color: #CCC}.failedodd td,.attn {background-color: #F33}.failedeven td,.stripe .attn {background-color: #D00}.stacktrace {white-space:pre;font-family:monospace}.totop {font-size:85%;text-align:center;border-bottom:2px solid #000}</style></head><body><table><tr><th>Test</th><th># Passed</th><th># Skipped</th><th># Failed</th><th>Time (ms)</th><th>Included Groups</th><th>Excluded Groups</th></tr><tr><th colspan="7">FREE CRM Application Test Automation Test1 Suite</th></tr><tr><td><a href="#t0">Free CRM App Test Cases</a></td><td class="num">9</td><td class="num">0</td><td class="num attn">2</td><td class="num">281,158</td><td></td><td></td></tr></table><table id='summary'><thead><tr><th>Class</th><th>Method</th><th>Start</th><th>Time (ms)</th></tr></thead><tbody><tr><th colspan="4">FREE CRM Application Test Automation Test1 Suite</th></tr></tbody><tbody id="t0"><tr><th colspan="4">Free CRM App Test Cases &#8212; failed</th></tr><tr class="failedeven"><td rowspan="1">com.crm.qa.testcase1.HomePageTest</td><td><a href="#m0">VreifyDelasLinkTest</a></td><td rowspan="1">1567530375450</td><td rowspan="1">10824</td></tr><tr class="failedodd"><td rowspan="1">com.crm.qa.testcase1.LoginPageTests</td><td><a href="#m1">loginPageTitleTest</a></td><td rowspan="1">1567530156667</td><td rowspan="1">136</td></tr><tr><th colspan="4">Free CRM App Test Cases &#8212; passed</th></tr><tr class="passedeven"><td rowspan="4">com.crm.qa.testcase1.ContactPageTest</td><td><a href="#m2">ValidateCreateNewContact</a></td><td rowspan="2">1567530315364</td><td rowspan="2">6285</td></tr><tr class="passedeven"><td><a href="#m3">ValidateCreateNewContact</a></td></tr><tr class="passedeven"><td><a href="#m4">selectContactTest</a></td><td rowspan="1">1567530250933</td><td rowspan="1">150</td></tr><tr class="passedeven"><td><a href="#m5">verifyContactsPageLabel</a></td><td rowspan="1">1567530203194</td><td rowspan="1">134</td></tr><tr class="passedodd"><td rowspan="3">com.crm.qa.testcase1.HomePageTest</td><td><a href="#m6">VreifyContactsLinkTest</a></td><td rowspan="1">1567530289907</td><td rowspan="1">1571</td></tr><tr class="passedodd"><td><a href="#m7">verifyHomePageTitleTest</a></td><td rowspan="1">1567530182118</td><td rowspan="1">12</td></tr><tr class="passedodd"><td><a href="#m8">verifyUserTest</a></td><td rowspan="1">1567530231085</td><td rowspan="1">86</td></tr><tr class="passedeven"><td rowspan="2">com.crm.qa.testcase1.LoginPageTests</td><td><a href="#m9">crmlogoimageTest</a></td><td rowspan="1">1567530212249</td><td rowspan="1">135</td></tr><tr class="passedeven"><td><a href="#m10">loginTest</a></td><td rowspan="1">1567530260923</td><td rowspan="1">9240</td></tr></tbody></table><h2>Free CRM App Test Cases</h2><h3 id="m0">com.crm.qa.testcase1.HomePageTest#VreifyDelasLinkTest</h3><table class="result"><tr><th>Exception</th></tr><tr><td><div class="stacktrace">org.openqa.selenium.NoSuchElementException: no such element: Unable to locate element: {&quot;method&quot;:&quot;xpath&quot;,&quot;selector&quot;:&quot;//a[contains(text(),&apos;Deals&apos;)]&quot;}
  (Session info: chrome=76.0.3809.132)
For documentation on this error, please visit: http://seleniumhq.org/exceptions/no_such_element.html
Build info: version: &apos;3.14.0&apos;, revision: &apos;aacccce0&apos;, time: &apos;2018-08-02T20:19:58.91Z&apos;
System info: host: &apos;GLB-132-PC&apos;, ip: &apos;192.168.8.148&apos;, os.name: &apos;Windows 7&apos;, os.arch: &apos;amd64&apos;, os.version: &apos;6.1&apos;, java.version: &apos;11.0.1&apos;
Driver info: org.openqa.selenium.chrome.ChromeDriver
Capabilities {acceptInsecureCerts: false, browserName: chrome, browserVersion: 76.0.3809.132, chrome: {chromedriverVersion: 76.0.3809.68 (420c9498db8ce..., userDataDir: C:\Users\GLB-132\AppData\Lo...}, goog:chromeOptions: {debuggerAddress: localhost:50867}, javascriptEnabled: true, networkConnectionEnabled: false, pageLoadStrategy: normal, platform: XP, platformName: XP, proxy: Proxy(), setWindowRect: true, strictFileInteractability: false, timeouts: {implicit: 0, pageLoad: 300000, script: 30000}, unhandledPromptBehavior: dismiss and notify}
Session ID: 8d23cef535a8ba1817c1fc392b69f270
*** Element info: {Using=xpath, value=//a[contains(text(),&apos;Deals&apos;)]}
	at org.openqa.selenium.remote.http.W3CHttpResponseCodec.createException(W3CHttpResponseCodec.java:187)
	at org.openqa.selenium.remote.http.W3CHttpResponseCodec.decode(W3CHttpResponseCodec.java:122)
	at org.openqa.selenium.remote.http.W3CHttpResponseCodec.decode(W3CHttpResponseCodec.java:49)
	at org.openqa.selenium.remote.HttpCommandExecutor.execute(HttpCommandExecutor.java:158)
	at org.openqa.selenium.remote.service.DriverCommandExecutor.execute(DriverCommandExecutor.java:83)
	at org.openqa.selenium.remote.RemoteWebDriver.execute(RemoteWebDriver.java:548)
	at org.openqa.selenium.remote.RemoteWebDriver.findElement(RemoteWebDriver.java:322)
	at org.openqa.selenium.remote.RemoteWebDriver.findElementByXPath(RemoteWebDriver.java:424)
	at org.openqa.selenium.By$ByXPath.findElement(By.java:353)
	at org.openqa.selenium.remote.RemoteWebDriver.findElement(RemoteWebDriver.java:314)
	at org.openqa.selenium.support.events.EventFiringWebDriver.lambda$new$1(EventFiringWebDriver.java:105)
	at com.sun.proxy.$Proxy11.findElement(Unknown Source)
	at org.openqa.selenium.support.events.EventFiringWebDriver.findElement(EventFiringWebDriver.java:194)
	at org.openqa.selenium.support.pagefactory.DefaultElementLocator.findElement(DefaultElementLocator.java:69)
	at org.openqa.selenium.support.pagefactory.internal.LocatingElementHandler.invoke(LocatingElementHandler.java:38)
	at com.sun.proxy.$Proxy15.click(Unknown Source)
	at com.crm.qa.page1.HomePage1.ClickOnDealsLink(HomePage1.java:61)
	at com.crm.qa.testcase1.HomePageTest.VreifyDelasLinkTest(HomePageTest.java:68)
... Removed 32 stack frames</div></td></tr></table><p class="totop"><a href="#summary">back to summary</a></p><h3 id="m1">com.crm.qa.testcase1.LoginPageTests#loginPageTitleTest</h3><table class="result"><tr><th>Exception</th></tr><tr><td><div class="stacktrace">java.lang.AssertionError: expected [CRMPRO  - CRM software for customer relationship management, sales, and support.] but found [CRMPRO - CRM software for customer relationship management, sales, and support.]
	at com.crm.qa.testcase1.LoginPageTests.loginPageTitleTest(LoginPageTests.java:42)
... Removed 31 stack frames</div></td></tr></table><p class="totop"><a href="#summary">back to summary</a></p><h3 id="m2">com.crm.qa.testcase1.ContactPageTest#ValidateCreateNewContact</h3><table class="result"><tr class="param"><th>Parameter #1</th><th>Parameter #2</th><th>Parameter #3</th><th>Parameter #4</th></tr><tr class="param stripe"><td>Mr.</td><td>Tom</td><td>Peter</td><td>Google</td></tr></table><p class="totop"><a href="#summary">back to summary</a></p><h3 id="m3">com.crm.qa.testcase1.ContactPageTest#ValidateCreateNewContact</h3><table class="result"><tr class="param"><th>Parameter #1</th><th>Parameter #2</th><th>Parameter #3</th><th>Parameter #4</th></tr><tr class="param stripe"><td>Dr.</td><td>peter</td><td>Tim</td><td>Amazon</td></tr></table><p class="totop"><a href="#summary">back to summary</a></p><h3 id="m4">com.crm.qa.testcase1.ContactPageTest#selectContactTest</h3><table class="result"></table><p class="totop"><a href="#summary">back to summary</a></p><h3 id="m5">com.crm.qa.testcase1.ContactPageTest#verifyContactsPageLabel</h3><table class="result"></table><p class="totop"><a href="#summary">back to summary</a></p><h3 id="m6">com.crm.qa.testcase1.HomePageTest#VreifyContactsLinkTest</h3><table class="result"></table><p class="totop"><a href="#summary">back to summary</a></p><h3 id="m7">com.crm.qa.testcase1.HomePageTest#verifyHomePageTitleTest</h3><table class="result"></table><p class="totop"><a href="#summary">back to summary</a></p><h3 id="m8">com.crm.qa.testcase1.HomePageTest#verifyUserTest</h3><table class="result"></table><p class="totop"><a href="#summary">back to summary</a></p><h3 id="m9">com.crm.qa.testcase1.LoginPageTests#crmlogoimageTest</h3><table class="result"></table><p class="totop"><a href="#summary">back to summary</a></p><h3 id="m10">com.crm.qa.testcase1.LoginPageTests#loginTest</h3><table class="result"></table><p class="totop"><a href="#summary">back to summary</a></p></body></html>